<?xml version="1.0" encoding="UTF-8"?>
<testsuite xmlns:xsi="http://www.w3.org/2001/XMLSchema-instance" xsi:noNamespaceSchemaLocation="https://maven.apache.org/surefire/maven-surefire-plugin/xsd/surefire-test-report.xsd" version="3.0.2" name="TestSuite" time="17.615" tests="10" errors="0" skipped="0" failures="1">
  <properties>
    <property name="java.specification.version" value="15"/>
    <property name="sun.jnu.encoding" value="UTF-8"/>
    <property name="java.class.path" value="/Users/abhijitmondal/Documents/GitHub/Okc_API_Automation/target/test-classes:/Users/abhijitmondal/Documents/GitHub/Okc_API_Automation/target/classes:/Users/abhijitmondal/.m2/repository/io/rest-assured/rest-assured/5.3.0/rest-assured-5.3.0.jar:/Users/abhijitmondal/.m2/repository/org/apache/groovy/groovy/4.0.6/groovy-4.0.6.jar:/Users/abhijitmondal/.m2/repository/org/apache/groovy/groovy-xml/4.0.6/groovy-xml-4.0.6.jar:/Users/abhijitmondal/.m2/repository/org/apache/httpcomponents/httpclient/4.5.13/httpclient-4.5.13.jar:/Users/abhijitmondal/.m2/repository/org/apache/httpcomponents/httpcore/4.4.13/httpcore-4.4.13.jar:/Users/abhijitmondal/.m2/repository/commons-logging/commons-logging/1.2/commons-logging-1.2.jar:/Users/abhijitmondal/.m2/repository/org/apache/httpcomponents/httpmime/4.5.13/httpmime-4.5.13.jar:/Users/abhijitmondal/.m2/repository/org/hamcrest/hamcrest/2.1/hamcrest-2.1.jar:/Users/abhijitmondal/.m2/repository/org/ccil/cowan/tagsoup/tagsoup/1.2.1/tagsoup-1.2.1.jar:/Users/abhijitmondal/.m2/repository/io/rest-assured/json-path/5.3.0/json-path-5.3.0.jar:/Users/abhijitmondal/.m2/repository/org/apache/groovy/groovy-json/4.0.6/groovy-json-4.0.6.jar:/Users/abhijitmondal/.m2/repository/com/jayway/jsonpath/json-path/2.8.0/json-path-2.8.0.jar:/Users/abhijitmondal/.m2/repository/net/minidev/json-smart/2.4.10/json-smart-2.4.10.jar:/Users/abhijitmondal/.m2/repository/net/minidev/accessors-smart/2.4.9/accessors-smart-2.4.9.jar:/Users/abhijitmondal/.m2/repository/org/ow2/asm/asm/9.3/asm-9.3.jar:/Users/abhijitmondal/.m2/repository/org/slf4j/slf4j-api/1.7.36/slf4j-api-1.7.36.jar:/Users/abhijitmondal/.m2/repository/org/json/json/20231013/json-20231013.jar:/Users/abhijitmondal/.m2/repository/com/google/code/gson/gson/2.10.1/gson-2.10.1.jar:/Users/abhijitmondal/.m2/repository/org/testng/testng/7.8.0/testng-7.8.0.jar:/Users/abhijitmondal/.m2/repository/com/beust/jcommander/1.82/jcommander-1.82.jar:/Users/abhijitmondal/.m2/repository/org/webjars/jquery/3.6.1/jquery-3.6.1.jar:/Users/abhijitmondal/.m2/repository/com/github/scribejava/scribejava-apis/8.3.1/scribejava-apis-8.3.1.jar:/Users/abhijitmondal/.m2/repository/com/github/scribejava/scribejava-core/8.3.1/scribejava-core-8.3.1.jar:/Users/abhijitmondal/.m2/repository/com/github/scribejava/scribejava-java8/8.3.1/scribejava-java8-8.3.1.jar:/Users/abhijitmondal/.m2/repository/com/fasterxml/jackson/core/jackson-databind/2.12.3/jackson-databind-2.12.3.jar:/Users/abhijitmondal/.m2/repository/com/fasterxml/jackson/core/jackson-annotations/2.12.3/jackson-annotations-2.12.3.jar:/Users/abhijitmondal/.m2/repository/com/fasterxml/jackson/core/jackson-core/2.12.3/jackson-core-2.12.3.jar:/Users/abhijitmondal/.m2/repository/com/github/java-json-tools/json-schema-validator/2.2.14/json-schema-validator-2.2.14.jar:/Users/abhijitmondal/.m2/repository/com/google/guava/guava/28.2-android/guava-28.2-android.jar:/Users/abhijitmondal/.m2/repository/com/google/guava/failureaccess/1.0.1/failureaccess-1.0.1.jar:/Users/abhijitmondal/.m2/repository/com/google/guava/listenablefuture/9999.0-empty-to-avoid-conflict-with-guava/listenablefuture-9999.0-empty-to-avoid-conflict-with-guava.jar:/Users/abhijitmondal/.m2/repository/org/checkerframework/checker-compat-qual/2.5.5/checker-compat-qual-2.5.5.jar:/Users/abhijitmondal/.m2/repository/com/google/errorprone/error_prone_annotations/2.3.4/error_prone_annotations-2.3.4.jar:/Users/abhijitmondal/.m2/repository/com/google/j2objc/j2objc-annotations/1.3/j2objc-annotations-1.3.jar:/Users/abhijitmondal/.m2/repository/com/github/java-json-tools/jackson-coreutils-equivalence/1.0/jackson-coreutils-equivalence-1.0.jar:/Users/abhijitmondal/.m2/repository/com/github/java-json-tools/jackson-coreutils/2.0/jackson-coreutils-2.0.jar:/Users/abhijitmondal/.m2/repository/com/github/java-json-tools/msg-simple/1.2/msg-simple-1.2.jar:/Users/abhijitmondal/.m2/repository/com/github/java-json-tools/btf/1.3/btf-1.3.jar:/Users/abhijitmondal/.m2/repository/com/github/java-json-tools/json-schema-core/1.2.14/json-schema-core-1.2.14.jar:/Users/abhijitmondal/.m2/repository/com/github/java-json-tools/uri-template/0.10/uri-template-0.10.jar:/Users/abhijitmondal/.m2/repository/org/mozilla/rhino/1.7.7.2/rhino-1.7.7.2.jar:/Users/abhijitmondal/.m2/repository/com/sun/mail/mailapi/1.6.2/mailapi-1.6.2.jar:/Users/abhijitmondal/.m2/repository/joda-time/joda-time/2.10.5/joda-time-2.10.5.jar:/Users/abhijitmondal/.m2/repository/com/googlecode/libphonenumber/libphonenumber/8.11.1/libphonenumber-8.11.1.jar:/Users/abhijitmondal/.m2/repository/com/google/code/findbugs/jsr305/3.0.2/jsr305-3.0.2.jar:/Users/abhijitmondal/.m2/repository/net/sf/jopt-simple/jopt-simple/5.0.4/jopt-simple-5.0.4.jar:/Users/abhijitmondal/.m2/repository/io/rest-assured/xml-path/5.3.2/xml-path-5.3.2.jar:/Users/abhijitmondal/.m2/repository/io/rest-assured/rest-assured-common/5.3.2/rest-assured-common-5.3.2.jar:/Users/abhijitmondal/.m2/repository/org/apache/commons/commons-lang3/3.11/commons-lang3-3.11.jar:/Users/abhijitmondal/.m2/repository/io/rest-assured/json-schema-validator/5.5.0/json-schema-validator-5.5.0.jar:/Users/abhijitmondal/.m2/repository/com/github/javafaker/javafaker/1.0.2/javafaker-1.0.2.jar:/Users/abhijitmondal/.m2/repository/org/yaml/snakeyaml/1.23/snakeyaml-1.23-android.jar:/Users/abhijitmondal/.m2/repository/com/github/mifmif/generex/1.0.2/generex-1.0.2.jar:/Users/abhijitmondal/.m2/repository/dk/brics/automaton/automaton/1.11-8/automaton-1.11-8.jar:/Users/abhijitmondal/.m2/repository/org/apache/poi/poi/5.4.0/poi-5.4.0.jar:/Users/abhijitmondal/.m2/repository/commons-codec/commons-codec/1.17.1/commons-codec-1.17.1.jar:/Users/abhijitmondal/.m2/repository/org/apache/commons/commons-collections4/4.4/commons-collections4-4.4.jar:/Users/abhijitmondal/.m2/repository/org/apache/commons/commons-math3/3.6.1/commons-math3-3.6.1.jar:/Users/abhijitmondal/.m2/repository/commons-io/commons-io/2.18.0/commons-io-2.18.0.jar:/Users/abhijitmondal/.m2/repository/com/zaxxer/SparseBitSet/1.3/SparseBitSet-1.3.jar:/Users/abhijitmondal/.m2/repository/org/apache/poi/poi-ooxml/5.4.0/poi-ooxml-5.4.0.jar:/Users/abhijitmondal/.m2/repository/org/apache/poi/poi-ooxml-lite/5.4.0/poi-ooxml-lite-5.4.0.jar:/Users/abhijitmondal/.m2/repository/org/apache/xmlbeans/xmlbeans/5.3.0/xmlbeans-5.3.0.jar:/Users/abhijitmondal/.m2/repository/org/apache/commons/commons-compress/1.27.1/commons-compress-1.27.1.jar:/Users/abhijitmondal/.m2/repository/com/github/virtuald/curvesapi/1.08/curvesapi-1.08.jar:/Users/abhijitmondal/.m2/repository/com/aventstack/extentreports/5.0.9/extentreports-5.0.9.jar:/Users/abhijitmondal/.m2/repository/io/reactivex/rxjava3/rxjava/3.0.4/rxjava-3.0.4.jar:/Users/abhijitmondal/.m2/repository/org/reactivestreams/reactive-streams/1.0.3/reactive-streams-1.0.3.jar:/Users/abhijitmondal/.m2/repository/org/freemarker/freemarker/2.3.30/freemarker-2.3.30.jar:/Users/abhijitmondal/.m2/repository/org/projectlombok/lombok/1.18.12/lombok-1.18.12.jar:/Users/abhijitmondal/.m2/repository/org/apache/logging/log4j/log4j-core/2.23.1/log4j-core-2.23.1.jar:/Users/abhijitmondal/.m2/repository/org/apache/logging/log4j/log4j-api/2.23.1/log4j-api-2.23.1.jar:"/>
    <property name="java.vm.vendor" value="Oracle Corporation"/>
    <property name="sun.arch.data.model" value="64"/>
    <property name="java.vendor.url" value="https://java.oracle.com/"/>
    <property name="user.timezone" value="Asia/Kolkata"/>
    <property name="os.name" value="Mac OS X"/>
    <property name="java.vm.specification.version" value="15"/>
    <property name="sun.java.launcher" value="SUN_STANDARD"/>
    <property name="user.country" value="IN"/>
    <property name="sun.boot.library.path" value="/Library/Java/JavaVirtualMachines/jdk-15.0.2.jdk/Contents/Home/lib"/>
    <property name="sun.java.command" value="/Users/abhijitmondal/Documents/GitHub/Okc_API_Automation/target/surefire/surefirebooter-20250123063343062_3.jar /Users/abhijitmondal/Documents/GitHub/Okc_API_Automation/target/surefire 2025-01-23T06-33-42_973-jvmRun1 surefire-20250123063343062_1tmp surefire_0-20250123063343062_2tmp"/>
    <property name="http.nonProxyHosts" value="local|*.local|169.254/16|*.169.254/16"/>
    <property name="jdk.debug" value="release"/>
    <property name="surefire.test.class.path" value="/Users/abhijitmondal/Documents/GitHub/Okc_API_Automation/target/test-classes:/Users/abhijitmondal/Documents/GitHub/Okc_API_Automation/target/classes:/Users/abhijitmondal/.m2/repository/io/rest-assured/rest-assured/5.3.0/rest-assured-5.3.0.jar:/Users/abhijitmondal/.m2/repository/org/apache/groovy/groovy/4.0.6/groovy-4.0.6.jar:/Users/abhijitmondal/.m2/repository/org/apache/groovy/groovy-xml/4.0.6/groovy-xml-4.0.6.jar:/Users/abhijitmondal/.m2/repository/org/apache/httpcomponents/httpclient/4.5.13/httpclient-4.5.13.jar:/Users/abhijitmondal/.m2/repository/org/apache/httpcomponents/httpcore/4.4.13/httpcore-4.4.13.jar:/Users/abhijitmondal/.m2/repository/commons-logging/commons-logging/1.2/commons-logging-1.2.jar:/Users/abhijitmondal/.m2/repository/org/apache/httpcomponents/httpmime/4.5.13/httpmime-4.5.13.jar:/Users/abhijitmondal/.m2/repository/org/hamcrest/hamcrest/2.1/hamcrest-2.1.jar:/Users/abhijitmondal/.m2/repository/org/ccil/cowan/tagsoup/tagsoup/1.2.1/tagsoup-1.2.1.jar:/Users/abhijitmondal/.m2/repository/io/rest-assured/json-path/5.3.0/json-path-5.3.0.jar:/Users/abhijitmondal/.m2/repository/org/apache/groovy/groovy-json/4.0.6/groovy-json-4.0.6.jar:/Users/abhijitmondal/.m2/repository/com/jayway/jsonpath/json-path/2.8.0/json-path-2.8.0.jar:/Users/abhijitmondal/.m2/repository/net/minidev/json-smart/2.4.10/json-smart-2.4.10.jar:/Users/abhijitmondal/.m2/repository/net/minidev/accessors-smart/2.4.9/accessors-smart-2.4.9.jar:/Users/abhijitmondal/.m2/repository/org/ow2/asm/asm/9.3/asm-9.3.jar:/Users/abhijitmondal/.m2/repository/org/slf4j/slf4j-api/1.7.36/slf4j-api-1.7.36.jar:/Users/abhijitmondal/.m2/repository/org/json/json/20231013/json-20231013.jar:/Users/abhijitmondal/.m2/repository/com/google/code/gson/gson/2.10.1/gson-2.10.1.jar:/Users/abhijitmondal/.m2/repository/org/testng/testng/7.8.0/testng-7.8.0.jar:/Users/abhijitmondal/.m2/repository/com/beust/jcommander/1.82/jcommander-1.82.jar:/Users/abhijitmondal/.m2/repository/org/webjars/jquery/3.6.1/jquery-3.6.1.jar:/Users/abhijitmondal/.m2/repository/com/github/scribejava/scribejava-apis/8.3.1/scribejava-apis-8.3.1.jar:/Users/abhijitmondal/.m2/repository/com/github/scribejava/scribejava-core/8.3.1/scribejava-core-8.3.1.jar:/Users/abhijitmondal/.m2/repository/com/github/scribejava/scribejava-java8/8.3.1/scribejava-java8-8.3.1.jar:/Users/abhijitmondal/.m2/repository/com/fasterxml/jackson/core/jackson-databind/2.12.3/jackson-databind-2.12.3.jar:/Users/abhijitmondal/.m2/repository/com/fasterxml/jackson/core/jackson-annotations/2.12.3/jackson-annotations-2.12.3.jar:/Users/abhijitmondal/.m2/repository/com/fasterxml/jackson/core/jackson-core/2.12.3/jackson-core-2.12.3.jar:/Users/abhijitmondal/.m2/repository/com/github/java-json-tools/json-schema-validator/2.2.14/json-schema-validator-2.2.14.jar:/Users/abhijitmondal/.m2/repository/com/google/guava/guava/28.2-android/guava-28.2-android.jar:/Users/abhijitmondal/.m2/repository/com/google/guava/failureaccess/1.0.1/failureaccess-1.0.1.jar:/Users/abhijitmondal/.m2/repository/com/google/guava/listenablefuture/9999.0-empty-to-avoid-conflict-with-guava/listenablefuture-9999.0-empty-to-avoid-conflict-with-guava.jar:/Users/abhijitmondal/.m2/repository/org/checkerframework/checker-compat-qual/2.5.5/checker-compat-qual-2.5.5.jar:/Users/abhijitmondal/.m2/repository/com/google/errorprone/error_prone_annotations/2.3.4/error_prone_annotations-2.3.4.jar:/Users/abhijitmondal/.m2/repository/com/google/j2objc/j2objc-annotations/1.3/j2objc-annotations-1.3.jar:/Users/abhijitmondal/.m2/repository/com/github/java-json-tools/jackson-coreutils-equivalence/1.0/jackson-coreutils-equivalence-1.0.jar:/Users/abhijitmondal/.m2/repository/com/github/java-json-tools/jackson-coreutils/2.0/jackson-coreutils-2.0.jar:/Users/abhijitmondal/.m2/repository/com/github/java-json-tools/msg-simple/1.2/msg-simple-1.2.jar:/Users/abhijitmondal/.m2/repository/com/github/java-json-tools/btf/1.3/btf-1.3.jar:/Users/abhijitmondal/.m2/repository/com/github/java-json-tools/json-schema-core/1.2.14/json-schema-core-1.2.14.jar:/Users/abhijitmondal/.m2/repository/com/github/java-json-tools/uri-template/0.10/uri-template-0.10.jar:/Users/abhijitmondal/.m2/repository/org/mozilla/rhino/1.7.7.2/rhino-1.7.7.2.jar:/Users/abhijitmondal/.m2/repository/com/sun/mail/mailapi/1.6.2/mailapi-1.6.2.jar:/Users/abhijitmondal/.m2/repository/joda-time/joda-time/2.10.5/joda-time-2.10.5.jar:/Users/abhijitmondal/.m2/repository/com/googlecode/libphonenumber/libphonenumber/8.11.1/libphonenumber-8.11.1.jar:/Users/abhijitmondal/.m2/repository/com/google/code/findbugs/jsr305/3.0.2/jsr305-3.0.2.jar:/Users/abhijitmondal/.m2/repository/net/sf/jopt-simple/jopt-simple/5.0.4/jopt-simple-5.0.4.jar:/Users/abhijitmondal/.m2/repository/io/rest-assured/xml-path/5.3.2/xml-path-5.3.2.jar:/Users/abhijitmondal/.m2/repository/io/rest-assured/rest-assured-common/5.3.2/rest-assured-common-5.3.2.jar:/Users/abhijitmondal/.m2/repository/org/apache/commons/commons-lang3/3.11/commons-lang3-3.11.jar:/Users/abhijitmondal/.m2/repository/io/rest-assured/json-schema-validator/5.5.0/json-schema-validator-5.5.0.jar:/Users/abhijitmondal/.m2/repository/com/github/javafaker/javafaker/1.0.2/javafaker-1.0.2.jar:/Users/abhijitmondal/.m2/repository/org/yaml/snakeyaml/1.23/snakeyaml-1.23-android.jar:/Users/abhijitmondal/.m2/repository/com/github/mifmif/generex/1.0.2/generex-1.0.2.jar:/Users/abhijitmondal/.m2/repository/dk/brics/automaton/automaton/1.11-8/automaton-1.11-8.jar:/Users/abhijitmondal/.m2/repository/org/apache/poi/poi/5.4.0/poi-5.4.0.jar:/Users/abhijitmondal/.m2/repository/commons-codec/commons-codec/1.17.1/commons-codec-1.17.1.jar:/Users/abhijitmondal/.m2/repository/org/apache/commons/commons-collections4/4.4/commons-collections4-4.4.jar:/Users/abhijitmondal/.m2/repository/org/apache/commons/commons-math3/3.6.1/commons-math3-3.6.1.jar:/Users/abhijitmondal/.m2/repository/commons-io/commons-io/2.18.0/commons-io-2.18.0.jar:/Users/abhijitmondal/.m2/repository/com/zaxxer/SparseBitSet/1.3/SparseBitSet-1.3.jar:/Users/abhijitmondal/.m2/repository/org/apache/poi/poi-ooxml/5.4.0/poi-ooxml-5.4.0.jar:/Users/abhijitmondal/.m2/repository/org/apache/poi/poi-ooxml-lite/5.4.0/poi-ooxml-lite-5.4.0.jar:/Users/abhijitmondal/.m2/repository/org/apache/xmlbeans/xmlbeans/5.3.0/xmlbeans-5.3.0.jar:/Users/abhijitmondal/.m2/repository/org/apache/commons/commons-compress/1.27.1/commons-compress-1.27.1.jar:/Users/abhijitmondal/.m2/repository/com/github/virtuald/curvesapi/1.08/curvesapi-1.08.jar:/Users/abhijitmondal/.m2/repository/com/aventstack/extentreports/5.0.9/extentreports-5.0.9.jar:/Users/abhijitmondal/.m2/repository/io/reactivex/rxjava3/rxjava/3.0.4/rxjava-3.0.4.jar:/Users/abhijitmondal/.m2/repository/org/reactivestreams/reactive-streams/1.0.3/reactive-streams-1.0.3.jar:/Users/abhijitmondal/.m2/repository/org/freemarker/freemarker/2.3.30/freemarker-2.3.30.jar:/Users/abhijitmondal/.m2/repository/org/projectlombok/lombok/1.18.12/lombok-1.18.12.jar:/Users/abhijitmondal/.m2/repository/org/apache/logging/log4j/log4j-core/2.23.1/log4j-core-2.23.1.jar:/Users/abhijitmondal/.m2/repository/org/apache/logging/log4j/log4j-api/2.23.1/log4j-api-2.23.1.jar:"/>
    <property name="sun.cpu.endian" value="little"/>
    <property name="user.home" value="/Users/abhijitmondal"/>
    <property name="user.language" value="en"/>
    <property name="java.specification.vendor" value="Oracle Corporation"/>
    <property name="java.version.date" value="2021-01-19"/>
    <property name="java.home" value="/Library/Java/JavaVirtualMachines/jdk-15.0.2.jdk/Contents/Home"/>
    <property name="file.separator" value="/"/>
    <property name="basedir" value="/Users/abhijitmondal/Documents/GitHub/Okc_API_Automation"/>
    <property name="java.vm.compressedOopsMode" value="Zero based"/>
    <property name="line.separator" value="&#10;"/>
    <property name="java.specification.name" value="Java Platform API Specification"/>
    <property name="java.vm.specification.vendor" value="Oracle Corporation"/>
    <property name="surefire.real.class.path" value="/Users/abhijitmondal/Documents/GitHub/Okc_API_Automation/target/surefire/surefirebooter-20250123063343062_3.jar"/>
    <property name="sun.management.compiler" value="HotSpot 64-Bit Tiered Compilers"/>
    <property name="ftp.nonProxyHosts" value="local|*.local|169.254/16|*.169.254/16"/>
    <property name="java.runtime.version" value="15.0.2+7-27"/>
    <property name="user.name" value="abhijitmondal"/>
    <property name="path.separator" value=":"/>
    <property name="os.version" value="10.16"/>
    <property name="java.runtime.name" value="Java(TM) SE Runtime Environment"/>
    <property name="file.encoding" value="UTF-8"/>
    <property name="java.vm.name" value="Java HotSpot(TM) 64-Bit Server VM"/>
    <property name="localRepository" value="/Users/abhijitmondal/.m2/repository"/>
    <property name="java.vendor.url.bug" value="https://bugreport.java.com/bugreport/"/>
    <property name="java.io.tmpdir" value="/var/folders/1x/fw8fxn9947x53bj_njt8z0mh0000gn/T/"/>
    <property name="java.version" value="15.0.2"/>
    <property name="user.dir" value="/Users/abhijitmondal/Documents/GitHub/Okc_API_Automation"/>
    <property name="os.arch" value="x86_64"/>
    <property name="java.vm.specification.name" value="Java Virtual Machine Specification"/>
    <property name="java.library.path" value="/Users/abhijitmondal/Library/Java/Extensions:/Library/Java/Extensions:/Network/Library/Java/Extensions:/System/Library/Java/Extensions:/usr/lib/java:."/>
    <property name="java.vm.info" value="mixed mode, sharing"/>
    <property name="java.vendor" value="Oracle Corporation"/>
    <property name="java.vm.version" value="15.0.2+7-27"/>
    <property name="sun.io.unicode.encoding" value="UnicodeBig"/>
    <property name="socksNonProxyHosts" value="local|*.local|169.254/16|*.169.254/16"/>
    <property name="java.class.version" value="59.0"/>
  </properties>
  <testcase name="testCreateUser" classname="api.tests.UserTests" time="2.534">
    <system-out><![CDATA[Request method:	POST
Request URI:	https://petstore.swagger.io/v2/user
Proxy:			<none>
Request params:	<none>
Query params:	<none>
Form params:	<none>
Path params:	<none>
Headers:		Accept=application/JSON
				Content-Type=application/JSON
Cookies:		<none>
Multiparts:		<none>
Body:
{
    "id": 2012993836,
    "username": "patrick.goldner",
    "firstName": "Una",
    "lastName": "Koepp",
    "email": "jon.borer@example.com",
    "password": "2z7wi0",
    "phone": "(024) 154-7366",
    "userStatus": 0
}
HTTP/1.1 200 OK
Date: Thu, 23 Jan 2025 01:03:46 GMT
Content-Type: application/json
Transfer-Encoding: chunked
Connection: keep-alive
Access-Control-Allow-Origin: *
Access-Control-Allow-Methods: GET, POST, DELETE, PUT
Access-Control-Allow-Headers: Content-Type, api_key, Authorization
Server: Jetty(9.2.9.v20150224)

{
    "code": 200,
    "type": "unknown",
    "message": "2012993836"
}
]]></system-out>
    <system-err><![CDATA[SLF4J: Failed to load class "org.slf4j.impl.StaticLoggerBinder".
SLF4J: Defaulting to no-operation (NOP) logger implementation
SLF4J: See http://www.slf4j.org/codes.html#StaticLoggerBinder for further details.
]]></system-err>
  </testcase>
  <testcase name="getUserByUserName" classname="api.tests.UserTests" time="1.301">
    <system-out><![CDATA[Request method:	GET
Request URI:	https://petstore.swagger.io/v2/user/patrick.goldner
Proxy:			<none>
Request params:	<none>
Query params:	<none>
Form params:	<none>
Path params:	userName=patrick.goldner
Headers:		Accept=*/*
Cookies:		<none>
Multiparts:		<none>
Body:			<none>
HTTP/1.1 200 OK
Date: Thu, 23 Jan 2025 01:03:47 GMT
Content-Type: application/json
Transfer-Encoding: chunked
Connection: keep-alive
Access-Control-Allow-Origin: *
Access-Control-Allow-Methods: GET, POST, DELETE, PUT
Access-Control-Allow-Headers: Content-Type, api_key, Authorization
Server: Jetty(9.2.9.v20150224)

{
    "id": 2012993836,
    "username": "patrick.goldner",
    "firstName": "Una",
    "lastName": "Koepp",
    "email": "jon.borer@example.com",
    "password": "2z7wi0",
    "phone": "(024) 154-7366",
    "userStatus": 0
}
]]></system-out>
  </testcase>
  <testcase name="updateUserByUserName" classname="api.tests.UserTests" time="2.659">
    <system-out><![CDATA[Request method:	PUT
Request URI:	https://petstore.swagger.io/v2/user/patrick.goldner
Proxy:			<none>
Request params:	<none>
Query params:	<none>
Form params:	<none>
Path params:	userName=patrick.goldner
Headers:		Accept=application/JSON
				Content-Type=application/JSON
Cookies:		<none>
Multiparts:		<none>
Body:
{
    "id": 2012993836,
    "username": "patrick.goldner",
    "firstName": "Hilary",
    "lastName": "Hettinger",
    "email": "deedra.mclaughlin@example.com",
    "password": "2z7wi0",
    "phone": "(024) 154-7366",
    "userStatus": 0
}
HTTP/1.1 200 OK
Date: Thu, 23 Jan 2025 01:03:49 GMT
Content-Type: application/json
Transfer-Encoding: chunked
Connection: keep-alive
Access-Control-Allow-Origin: *
Access-Control-Allow-Methods: GET, POST, DELETE, PUT
Access-Control-Allow-Headers: Content-Type, api_key, Authorization
Server: Jetty(9.2.9.v20150224)

{
    "code": 200,
    "type": "unknown",
    "message": "2012993836"
}
{
    "code": 200,
    "type": "unknown",
    "message": "2012993836"
}
Request method:	GET
Request URI:	https://petstore.swagger.io/v2/user/patrick.goldner
Proxy:			<none>
Request params:	<none>
Query params:	<none>
Form params:	<none>
Path params:	userName=patrick.goldner
Headers:		Accept=*/*
Cookies:		<none>
Multiparts:		<none>
Body:			<none>
HTTP/1.1 200 OK
Date: Thu, 23 Jan 2025 01:03:49 GMT
Content-Type: application/json
Transfer-Encoding: chunked
Connection: keep-alive
Access-Control-Allow-Origin: *
Access-Control-Allow-Methods: GET, POST, DELETE, PUT
Access-Control-Allow-Headers: Content-Type, api_key, Authorization
Server: Jetty(9.2.9.v20150224)

{
    "code": 200,
    "type": "unknown",
    "message": "2012993836"
}
]]></system-out>
  </testcase>
  <testcase name="deleteUser" classname="api.tests.UserTests" time="1.362">
    <system-out><![CDATA[Request method:	DELETE
Request URI:	https://petstore.swagger.io/v2/user/patrick.goldner
Proxy:			<none>
Request params:	<none>
Query params:	<none>
Form params:	<none>
Path params:	userName=patrick.goldner
Headers:		Accept=*/*
Cookies:		<none>
Multiparts:		<none>
Body:			<none>
HTTP/1.1 200 OK
Date: Thu, 23 Jan 2025 01:03:51 GMT
Content-Type: application/json
Transfer-Encoding: chunked
Connection: keep-alive
Access-Control-Allow-Origin: *
Access-Control-Allow-Methods: GET, POST, DELETE, PUT
Access-Control-Allow-Headers: Content-Type, api_key, Authorization
Server: Jetty(9.2.9.v20150224)

{
    "code": 200,
    "type": "unknown",
    "message": "patrick.goldner"
}
]]></system-out>
  </testcase>
  <testcase name="testPostUser[1, abhijit, Abhijit, Test, 123@test.com, Abhijit@123, 5555555501](1)" classname="api.tests.DDTests" time="1.275">
    <system-out><![CDATA[Request method:	POST
Request URI:	https://petstore.swagger.io/v2/user
Proxy:			<none>
Request params:	<none>
Query params:	<none>
Form params:	<none>
Path params:	<none>
Headers:		Accept=application/JSON
				Content-Type=application/JSON
Cookies:		<none>
Multiparts:		<none>
Body:
{
    "id": 1,
    "username": "abhijit",
    "firstName": "Abhijit",
    "lastName": "Test",
    "email": "123@test.com",
    "password": "Abhijit@123",
    "phone": "5555555501",
    "userStatus": 0
}
]]></system-out>
  </testcase>
  <testcase name="testPostUser[2, abhijit1, Suman, dol, dol@test.com, Suman!123, 5555555502](2)" classname="api.tests.DDTests" time="1.533">
    <system-out><![CDATA[Request method:	POST
Request URI:	https://petstore.swagger.io/v2/user
Proxy:			<none>
Request params:	<none>
Query params:	<none>
Form params:	<none>
Path params:	<none>
Headers:		Accept=application/JSON
				Content-Type=application/JSON
Cookies:		<none>
Multiparts:		<none>
Body:
{
    "id": 2,
    "username": "abhijit1",
    "firstName": "Suman",
    "lastName": "dol",
    "email": "dol@test.com",
    "password": "Suman!123",
    "phone": "5555555502",
    "userStatus": 0
}
]]></system-out>
  </testcase>
  <testcase name="testPostUser[3, abhijit2, Surat, dump, dump@test.com, Surat@123, 5555555503](3)" classname="api.tests.DDTests" time="1.284">
    <system-out><![CDATA[Request method:	POST
Request URI:	https://petstore.swagger.io/v2/user
Proxy:			<none>
Request params:	<none>
Query params:	<none>
Form params:	<none>
Path params:	<none>
Headers:		Accept=application/JSON
				Content-Type=application/JSON
Cookies:		<none>
Multiparts:		<none>
Body:
{
    "id": 3,
    "username": "abhijit2",
    "firstName": "Surat",
    "lastName": "dump",
    "email": "dump@test.com",
    "password": "Surat@123",
    "phone": "5555555503",
    "userStatus": 0
}
]]></system-out>
  </testcase>
  <testcase name="deleteUserByUsername[abhijit](1)" classname="api.tests.DDTests" time="1.456">
    <failure message="expected [200] but found [404]" type="java.lang.AssertionError"><![CDATA[java.lang.AssertionError: expected [200] but found [404]
	at org.testng.Assert.fail(Assert.java:111)
	at org.testng.Assert.failNotEquals(Assert.java:1578)
	at org.testng.Assert.assertEqualsImpl(Assert.java:150)
	at org.testng.Assert.assertEquals(Assert.java:132)
	at org.testng.Assert.assertEquals(Assert.java:1419)
	at org.testng.Assert.assertEquals(Assert.java:1383)
	at org.testng.Assert.assertEquals(Assert.java:1429)
	at api.tests.DDTests.deleteUserByUsername(DDTests.java:34)
	at java.base/jdk.internal.reflect.NativeMethodAccessorImpl.invoke0(Native Method)
	at java.base/jdk.internal.reflect.NativeMethodAccessorImpl.invoke(NativeMethodAccessorImpl.java:64)
	at java.base/jdk.internal.reflect.DelegatingMethodAccessorImpl.invoke(DelegatingMethodAccessorImpl.java:43)
	at java.base/java.lang.reflect.Method.invoke(Method.java:564)
	at org.testng.internal.invokers.MethodInvocationHelper.invokeMethod(MethodInvocationHelper.java:139)
	at org.testng.internal.invokers.TestInvoker.invokeMethod(TestInvoker.java:664)
	at org.testng.internal.invokers.TestInvoker.invokeTestMethod(TestInvoker.java:227)
	at org.testng.internal.invokers.MethodRunner.runInSequence(MethodRunner.java:50)
	at org.testng.internal.invokers.TestInvoker$MethodInvocationAgent.invoke(TestInvoker.java:957)
	at org.testng.internal.invokers.TestInvoker.invokeTestMethods(TestInvoker.java:200)
	at org.testng.internal.invokers.TestMethodWorker.invokeTestMethods(TestMethodWorker.java:148)
	at org.testng.internal.invokers.TestMethodWorker.run(TestMethodWorker.java:128)
	at java.base/java.util.ArrayList.forEach(ArrayList.java:1511)
	at org.testng.TestRunner.privateRun(TestRunner.java:848)
	at org.testng.TestRunner.run(TestRunner.java:621)
	at org.testng.SuiteRunner.runTest(SuiteRunner.java:443)
	at org.testng.SuiteRunner.runSequentially(SuiteRunner.java:437)
	at org.testng.SuiteRunner.privateRun(SuiteRunner.java:397)
	at org.testng.SuiteRunner.run(SuiteRunner.java:336)
	at org.testng.SuiteRunnerWorker.runSuite(SuiteRunnerWorker.java:52)
	at org.testng.SuiteRunnerWorker.run(SuiteRunnerWorker.java:95)
	at org.testng.TestNG.runSuitesSequentially(TestNG.java:1280)
	at org.testng.TestNG.runSuitesLocally(TestNG.java:1200)
	at org.testng.TestNG.runSuites(TestNG.java:1114)
	at org.testng.TestNG.run(TestNG.java:1082)
	at org.apache.maven.surefire.testng.TestNGExecutor.run(TestNGExecutor.java:155)
	at org.apache.maven.surefire.testng.TestNGDirectoryTestSuite.executeMulti(TestNGDirectoryTestSuite.java:169)
	at org.apache.maven.surefire.testng.TestNGDirectoryTestSuite.execute(TestNGDirectoryTestSuite.java:88)
	at org.apache.maven.surefire.testng.TestNGProvider.invoke(TestNGProvider.java:137)
	at org.apache.maven.surefire.booter.ForkedBooter.runSuitesInProcess(ForkedBooter.java:385)
	at org.apache.maven.surefire.booter.ForkedBooter.execute(ForkedBooter.java:162)
	at org.apache.maven.surefire.booter.ForkedBooter.run(ForkedBooter.java:507)
	at org.apache.maven.surefire.booter.ForkedBooter.main(ForkedBooter.java:495)
]]></failure>
    <system-out><![CDATA[Request method:	DELETE
Request URI:	https://petstore.swagger.io/v2/user/abhijit
Proxy:			<none>
Request params:	<none>
Query params:	<none>
Form params:	<none>
Path params:	userName=abhijit
Headers:		Accept=*/*
Cookies:		<none>
Multiparts:		<none>
Body:			<none>
]]></system-out>
  </testcase>
  <testcase name="deleteUserByUsername[abhijit1](2)" classname="api.tests.DDTests" time="1.424">
    <system-out><![CDATA[Request method:	DELETE
Request URI:	https://petstore.swagger.io/v2/user/abhijit1
Proxy:			<none>
Request params:	<none>
Query params:	<none>
Form params:	<none>
Path params:	userName=abhijit1
Headers:		Accept=*/*
Cookies:		<none>
Multiparts:		<none>
Body:			<none>
]]></system-out>
  </testcase>
  <testcase name="deleteUserByUsername[abhijit2](3)" classname="api.tests.DDTests" time="1.342">
    <system-out><![CDATA[Request method:	DELETE
Request URI:	https://petstore.swagger.io/v2/user/abhijit2
Proxy:			<none>
Request params:	<none>
Query params:	<none>
Form params:	<none>
Path params:	userName=abhijit2
Headers:		Accept=*/*
Cookies:		<none>
Multiparts:		<none>
Body:			<none>
]]></system-out>
  </testcase>
</testsuite>