<?xml version="1.0" encoding="UTF-8"?>
<!-- Generated by org.testng.reporters.JUnitReportReporter -->
<testsuite hostname="Abhijits-MBP" failures="0" tests="6" name="api.tests.DDTests" time="7.650" errors="0" timestamp="2025-01-23T21:09:46 IST" skipped="0">
  <testcase classname="api.tests.DDTests" name="testPostUser" time="1.285"/>
  <testcase classname="api.tests.DDTests" name="testPostUser" time="1.313"/>
  <testcase classname="api.tests.DDTests" name="testPostUser" time="1.175"/>
  <testcase classname="api.tests.DDTests" name="deleteUserByUsername" time="1.300"/>
  <testcase classname="api.tests.DDTests" name="deleteUserByUsername" time="1.358"/>
  <testcase classname="api.tests.DDTests" name="deleteUserByUsername" time="1.219"/>
</testsuite> <!-- api.tests.DDTests -->
