<?xml version="1.0" encoding="UTF-8"?>
<!-- Generated by org.testng.reporters.JUnitReportReporter -->
<testsuite hostname="Abhijits-MBP" failures="0" tests="4" name="api.tests.UserTests" time="7.855" errors="0" timestamp="2025-01-23T06:34:00 IST" skipped="0">
  <testcase classname="api.tests.UserTests" name="testCreateUser" time="2.534"/>
  <testcase classname="api.tests.UserTests" name="getUserByUserName" time="1.301"/>
  <testcase classname="api.tests.UserTests" name="updateUserByUserName" time="2.659"/>
  <testcase classname="api.tests.UserTests" name="deleteUser" time="1.361"/>
</testsuite> <!-- api.tests.UserTests -->
