<?xml version="1.0" encoding="UTF-8"?>
<!-- Generated by org.testng.reporters.JUnitReportReporter -->
<testsuite hostname="Abhijits-MBP" failures="0" tests="4" name="api.tests.UserTests" time="7.844" errors="0" timestamp="2025-01-23T21:09:46 IST" skipped="0">
  <testcase classname="api.tests.UserTests" name="testCreateUser" time="2.536"/>
  <testcase classname="api.tests.UserTests" name="getUserByUserName" time="1.421"/>
  <testcase classname="api.tests.UserTests" name="updateUserByUserName" time="2.613"/>
  <testcase classname="api.tests.UserTests" name="deleteUser" time="1.274"/>
</testsuite> <!-- api.tests.UserTests -->
